2017-11-12 17:54:36,630[main]             [INFO ] [o.a.c.s.VersionLoggerListener 89]    - Server version:        Apache Tomcat/8.5.11
2017-11-12 17:54:36,633[main]             [INFO ] [o.a.c.s.VersionLoggerListener 91]    - Server built:          Jan 10 2017 21:02:52 UTC
2017-11-12 17:54:36,633[main]             [INFO ] [o.a.c.s.VersionLoggerListener 93]    - Server number:         8.5.11.0
2017-11-12 17:54:36,633[main]             [INFO ] [o.a.c.s.VersionLoggerListener 95]    - OS Name:               Linux
2017-11-12 17:54:36,633[main]             [INFO ] [o.a.c.s.VersionLoggerListener 97]    - OS Version:            4.9.49-moby
2017-11-12 17:54:36,634[main]             [INFO ] [o.a.c.s.VersionLoggerListener 99]    - Architecture:          amd64
2017-11-12 17:54:36,634[main]             [INFO ] [o.a.c.s.VersionLoggerListener 101]   - Java Home:             /usr/lib/jvm/java-1.8-openjdk/jre
2017-11-12 17:54:36,634[main]             [INFO ] [o.a.c.s.VersionLoggerListener 103]   - JVM Version:           1.8.0_111-internal-alpine-r0-b14
2017-11-12 17:54:36,634[main]             [INFO ] [o.a.c.s.VersionLoggerListener 105]   - JVM Vendor:            Oracle Corporation
2017-11-12 17:54:36,635[main]             [INFO ] [o.a.c.s.VersionLoggerListener 107]   - CATALINA_BASE:         /home/user/eclipse-che/tomcat
2017-11-12 17:54:36,635[main]             [INFO ] [o.a.c.s.VersionLoggerListener 109]   - CATALINA_HOME:         /home/user/eclipse-che/tomcat
2017-11-12 17:54:36,635[main]             [INFO ] [o.a.c.s.VersionLoggerListener 115]   - Command line argument: -Dnop
2017-11-12 17:54:36,636[main]             [INFO ] [o.a.c.s.VersionLoggerListener 115]   - Command line argument: -Djava.util.logging.manager=org.apache.juli.ClassLoaderLogManager
2017-11-12 17:54:36,636[main]             [INFO ] [o.a.c.s.VersionLoggerListener 115]   - Command line argument: -Xms512m
2017-11-12 17:54:36,636[main]             [INFO ] [o.a.c.s.VersionLoggerListener 115]   - Command line argument: -Xmx2048m
2017-11-12 17:54:36,636[main]             [INFO ] [o.a.c.s.VersionLoggerListener 115]   - Command line argument: -Djava.security.egd=file:/dev/./urandom
2017-11-12 17:54:36,636[main]             [INFO ] [o.a.c.s.VersionLoggerListener 115]   - Command line argument: -XX:+HeapDumpOnOutOfMemoryError
2017-11-12 17:54:36,637[main]             [INFO ] [o.a.c.s.VersionLoggerListener 115]   - Command line argument: -XX:+UseConcMarkSweepGC
2017-11-12 17:54:36,637[main]             [INFO ] [o.a.c.s.VersionLoggerListener 115]   - Command line argument: -XX:+CMSParallelRemarkEnabled
2017-11-12 17:54:36,637[main]             [INFO ] [o.a.c.s.VersionLoggerListener 115]   - Command line argument: -XX:+UseCMSInitiatingOccupancyOnly
2017-11-12 17:54:36,637[main]             [INFO ] [o.a.c.s.VersionLoggerListener 115]   - Command line argument: -XX:+ScavengeBeforeFullGC
2017-11-12 17:54:36,637[main]             [INFO ] [o.a.c.s.VersionLoggerListener 115]   - Command line argument: -XX:+CMSScavengeBeforeRemark
2017-11-12 17:54:36,638[main]             [INFO ] [o.a.c.s.VersionLoggerListener 115]   - Command line argument: -Dche.local.conf.dir=/conf
2017-11-12 17:54:36,638[main]             [INFO ] [o.a.c.s.VersionLoggerListener 115]   - Command line argument: -Dche.docker.network=bridge
2017-11-12 17:54:36,638[main]             [INFO ] [o.a.c.s.VersionLoggerListener 115]   - Command line argument: -Dport.http=8080
2017-11-12 17:54:36,638[main]             [INFO ] [o.a.c.s.VersionLoggerListener 115]   - Command line argument: -Dche.home=/home/user/eclipse-che/
2017-11-12 17:54:36,639[main]             [INFO ] [o.a.c.s.VersionLoggerListener 115]   - Command line argument: -Dche.logs.dir=/logs
2017-11-12 17:54:36,639[main]             [INFO ] [o.a.c.s.VersionLoggerListener 115]   - Command line argument: -Dche.logs.level=INFO
2017-11-12 17:54:36,639[main]             [INFO ] [o.a.c.s.VersionLoggerListener 115]   - Command line argument: -Djuli-logback.configurationFile=file:/home/user/eclipse-che//tomcat/conf/tomcat-logger.xml
2017-11-12 17:54:36,639[main]             [INFO ] [o.a.c.s.VersionLoggerListener 115]   - Command line argument: -Djdk.tls.ephemeralDHKeySize=2048
2017-11-12 17:54:36,640[main]             [INFO ] [o.a.c.s.VersionLoggerListener 115]   - Command line argument: -Djava.protocol.handler.pkgs=org.apache.catalina.webresources
2017-11-12 17:54:36,640[main]             [INFO ] [o.a.c.s.VersionLoggerListener 115]   - Command line argument: -Dcom.sun.management.jmxremote
2017-11-12 17:54:36,640[main]             [INFO ] [o.a.c.s.VersionLoggerListener 115]   - Command line argument: -Dcom.sun.management.jmxremote.ssl=false
2017-11-12 17:54:36,640[main]             [INFO ] [o.a.c.s.VersionLoggerListener 115]   - Command line argument: -Dcom.sun.management.jmxremote.authenticate=false
2017-11-12 17:54:36,640[main]             [INFO ] [o.a.c.s.VersionLoggerListener 115]   - Command line argument: -Dche.local.conf.dir=/conf
2017-11-12 17:54:36,640[main]             [INFO ] [o.a.c.s.VersionLoggerListener 115]   - Command line argument: -Dcatalina.base=/home/user/eclipse-che//tomcat
2017-11-12 17:54:36,641[main]             [INFO ] [o.a.c.s.VersionLoggerListener 115]   - Command line argument: -Dcatalina.home=/home/user/eclipse-che//tomcat
2017-11-12 17:54:36,641[main]             [INFO ] [o.a.c.s.VersionLoggerListener 115]   - Command line argument: -Djava.io.tmpdir=/home/user/eclipse-che//tomcat/temp
2017-11-12 17:54:36,756[main]             [INFO ] [o.a.c.http11.Http11NioProtocol 525]  - Initializing ProtocolHandler ["http-nio-8080"]
2017-11-12 17:54:36,776[main]             [INFO ] [o.a.t.util.net.NioSelectorPool 67]   - Using a shared selector for servlet write/read
2017-11-12 17:54:36,778[main]             [INFO ] [o.a.catalina.startup.Catalina 617]   - Initialization processed in 555 ms
2017-11-12 17:54:36,795[main]             [INFO ] [c.m.JmxRemoteLifecycleListener 336]  - The JMX Remote Listener has configured the registry on port 32001 and the server on port 32101 for the Platform server
2017-11-12 17:54:36,795[main]             [INFO ] [o.a.c.core.StandardService 416]      - Starting service Catalina
2017-11-12 17:54:36,795[main]             [INFO ] [o.a.c.core.StandardEngine 259]       - Starting Servlet Engine: Apache Tomcat/8.5.11
2017-11-12 17:54:37,439[ost-startStop-1]  [INFO ] [o.a.c.startup.HostConfig 923]        - Deploying web application archive /home/user/eclipse-che/tomcat/webapps/docs.war
2017-11-12 17:54:37,839[ost-startStop-1]  [INFO ] [o.a.c.startup.HostConfig 987]        - Deployment of web application archive /home/user/eclipse-che/tomcat/webapps/docs.war has finished in 397 ms
2017-11-12 17:54:37,842[ost-startStop-1]  [INFO ] [o.a.c.startup.HostConfig 923]        - Deploying web application archive /home/user/eclipse-che/tomcat/webapps/wsmaster.war
2017-11-12 17:54:46,508[ost-startStop-1]  [INFO ] [o.a.c.startup.HostConfig 987]        - Deployment of web application archive /home/user/eclipse-che/tomcat/webapps/wsmaster.war has finished in 8,666 ms
2017-11-12 17:54:46,511[ost-startStop-1]  [INFO ] [o.a.c.startup.HostConfig 923]        - Deploying web application archive /home/user/eclipse-che/tomcat/webapps/dashboard.war
2017-11-12 17:54:46,718[ost-startStop-1]  [INFO ] [o.a.c.startup.HostConfig 987]        - Deployment of web application archive /home/user/eclipse-che/tomcat/webapps/dashboard.war has finished in 207 ms
2017-11-12 17:54:46,720[ost-startStop-1]  [INFO ] [o.a.c.startup.HostConfig 923]        - Deploying web application archive /home/user/eclipse-che/tomcat/webapps/swagger.war
2017-11-12 17:54:46,778[ost-startStop-1]  [INFO ] [o.a.c.startup.HostConfig 987]        - Deployment of web application archive /home/user/eclipse-che/tomcat/webapps/swagger.war has finished in 58 ms
2017-11-12 17:54:46,782[ost-startStop-1]  [INFO ] [o.a.c.startup.HostConfig 923]        - Deploying web application archive /home/user/eclipse-che/tomcat/webapps/ROOT.war
2017-11-12 17:54:47,202[ost-startStop-1]  [INFO ] [o.a.c.startup.HostConfig 987]        - Deployment of web application archive /home/user/eclipse-che/tomcat/webapps/ROOT.war has finished in 420 ms
2017-11-12 17:54:47,218[main]             [INFO ] [o.a.c.http11.Http11NioProtocol 570]  - Starting ProtocolHandler [http-nio-8080]
2017-11-12 17:54:47,226[main]             [INFO ] [o.a.catalina.startup.Catalina 668]   - Server startup in 10447 ms
