2017-11-12 17:54:40,672[ost-startStop-1]  [INFO ] [.e.c.c.d.JNDIDataSourceFactory 59]   - This=org.eclipse.che.core.db.h2.H2SQLJndiDataSourceFactory@28103f14 obj=ResourceRef[className=javax.sql.DataSource,factoryClassLocation=null,factoryClassName=org.apache.naming.factory.ResourceFactory,{type=scope,content=Shareable},{type=auth,content=Container},{type=singleton,content=true},{type=factory,content=org.eclipse.che.core.db.h2.H2SQLJndiDataSourceFactory}] name=che Context=org.apache.naming.NamingContext@78ff560f environment={}
2017-11-12 17:54:42,849[ost-startStop-1]  [INFO ] [o.e.c.p.o.c.OpenShiftConnector 294]  - openshiftWorkspaceEnvironmentProvider = class org.eclipse.che.plugin.openshift.client.OpenshiftWorkspaceEnvironmentProvider
2017-11-12 17:54:43,319[ost-startStop-1]  [INFO ] [o.f.c.i.d.DbSupportFactory 44]       - Database: jdbc:h2:che (H2 1.4)
2017-11-12 17:54:43,358[ost-startStop-1]  [INFO ] [o.f.c.i.util.VersionPrinter 44]      - Flyway 4.0.3 by Boxfuse
2017-11-12 17:54:43,360[ost-startStop-1]  [INFO ] [o.f.c.i.d.DbSupportFactory 44]       - Database: jdbc:h2:che (H2 1.4)
2017-11-12 17:54:43,380[ost-startStop-1]  [INFO ] [i.f.CustomSqlMigrationResolver 157]  - Searching for sql scripts in locations [classpath:che-schema]
2017-11-12 17:54:43,404[ost-startStop-1]  [INFO ] [o.f.c.i.command.DbValidate 44]       - Successfully validated 11 migrations (execution time 00:00.024s)
2017-11-12 17:54:43,427[ost-startStop-1]  [INFO ] [o.f.c.i.m.MetaDataTableImpl 44]      - Creating Metadata table: "PUBLIC"."schema_version"
2017-11-12 17:54:43,456[ost-startStop-1]  [INFO ] [o.f.c.i.command.DbMigrate 44]        - Current version of schema "PUBLIC": << Empty Schema >>
2017-11-12 17:54:43,456[ost-startStop-1]  [INFO ] [o.f.c.i.command.DbMigrate 44]        - Migrating schema "PUBLIC" to version 5.0.0.8.1 - 1__init.sql
2017-11-12 17:54:43,618[ost-startStop-1]  [INFO ] [o.f.c.i.command.DbMigrate 44]        - Migrating schema "PUBLIC" to version 5.0.0.9.1 - 1__add_index_on_workspace_temporary.sql
2017-11-12 17:54:43,636[ost-startStop-1]  [INFO ] [o.f.c.i.command.DbMigrate 44]        - Migrating schema "PUBLIC" to version 5.0.0.9.2 - 2__update_local_links_in_environments.sql
2017-11-12 17:54:43,650[ost-startStop-1]  [INFO ] [o.f.c.i.command.DbMigrate 44]        - Migrating schema "PUBLIC" to version 5.2.0.1 - 1__increase_project_attributes_values_length.sql
2017-11-12 17:54:43,675[ost-startStop-1]  [INFO ] [o.f.c.i.command.DbMigrate 44]        - Migrating schema "PUBLIC" to version 5.4.0.1 - 1__drop_user_to_account_relation.sql
2017-11-12 17:54:43,719[ost-startStop-1]  [INFO ] [o.f.c.i.command.DbMigrate 44]        - Migrating schema "PUBLIC" to version 5.4.0.2 - 2__create_missed_account_indexes.sql
2017-11-12 17:54:43,735[ost-startStop-1]  [INFO ] [o.f.c.i.command.DbMigrate 44]        - Migrating schema "PUBLIC" to version 5.6.0.1 - 1__add_exec_agent_where_terminal_agent_is_present.sql
2017-11-12 17:54:43,749[ost-startStop-1]  [INFO ] [o.f.c.i.command.DbMigrate 44]        - Migrating schema "PUBLIC" to version 5.7.0.1 - 1__add_factory.sql
2017-11-12 17:54:43,838[ost-startStop-1]  [INFO ] [o.f.c.i.command.DbMigrate 44]        - Migrating schema "PUBLIC" to version 5.7.0.2 - 2__remove_match_policy.sql
2017-11-12 17:54:43,851[ost-startStop-1]  [INFO ] [o.f.c.i.command.DbMigrate 44]        - Migrating schema "PUBLIC" to version 5.8.0.1 - 1__add_foreigh_key_indexes.sql
2017-11-12 17:54:43,876[ost-startStop-1]  [INFO ] [o.f.c.i.command.DbMigrate 44]        - Migrating schema "PUBLIC" to version 5.11.0.1 - 1__optimize_user_search.sql
2017-11-12 17:54:43,891[ost-startStop-1]  [INFO ] [o.f.c.i.command.DbMigrate 44]        - Successfully applied 11 migrations to schema "PUBLIC" (execution time 00:00.469s).
2017-11-12 17:54:45,591[ost-startStop-1]  [WARN ] [o.e.c.a.w.s.stack.StackLoader 134]   - No configured image found for stack che-in-che
2017-11-12 17:54:45,608[ost-startStop-1]  [INFO ] [o.e.c.a.w.s.stack.StackLoader 103]   - Stacks initialization finished
2017-11-12 17:54:45,648[ost-startStop-1]  [INFO ] [ogDirSetterEnvVariableProvider 38]   - WsAgentLogDirProvider = org.eclipse.che.plugin.docker.machine.WsAgentLogDirProvider@1bb5a653
2017-11-12 17:54:45,652[ost-startStop-1]  [INFO ] [ogDirSetterEnvVariableProvider 37]   - ExecAgentLogDirProvider = org.eclipse.che.plugin.docker.machine.ExecAgentLogDirProvider@6559f3e9
2017-11-12 17:54:46,015[ost-startStop-1]  [INFO ] [o.e.c.a.m.s.r.RecipeLoader 74]       - Recipes initialization finished
2017-11-12 17:54:46,064[ost-startStop-1]  [INFO ] [e.c.a.w.s.i.ServerIdleDetector 58]   - Idling che server scheduled [timeout=1800] seconds]
2017-11-12 17:54:46,094[ted-scheduler-2]  [INFO ] [ockerAbandonedResourcesCleaner 126]  - List containers registered in the api: []
2017-11-12 17:55:43,714[io-8080-exec-10]  [INFO ] [o.e.c.a.f.s.jpa.JpaFactoryDao 111]   - FactoryDao#getByAttributes #maxItems: 15 #skipCount: 0, #attributes: [{first=creator.userId, second=che}]
2017-11-12 17:56:37,052[nio-8080-exec-6]  [INFO ] [o.e.c.a.w.s.WorkspaceManager 807]    - Workspace 'che/EstaBienMapeado' with id 'workspace5rq729h30c9ntb64' created by user 'che'
2017-11-12 17:56:41,436[aceSharedPool-0]  [INFO ] [m.BaseServerEvaluationStrategy 141]  - cheWorkspacesRoutingSuffixProvider = null
2017-11-12 17:56:41,438[aceSharedPool-0]  [INFO ] [m.BaseServerEvaluationStrategy 141]  - cheWorkspacesRoutingSuffixProvider = null
2017-11-12 17:56:41,439[aceSharedPool-0]  [INFO ] [m.BaseServerEvaluationStrategy 141]  - cheWorkspacesRoutingSuffixProvider = org.eclipse.che.plugin.docker.client.WorkspacesRoutingSuffixProvider@64938704
2017-11-12 17:56:41,441[aceSharedPool-0]  [INFO ] [m.BaseServerEvaluationStrategy 141]  - cheWorkspacesRoutingSuffixProvider = org.eclipse.che.plugin.docker.client.WorkspacesRoutingSuffixProvider@64938704
2017-11-12 17:56:41,442[aceSharedPool-0]  [INFO ] [m.BaseServerEvaluationStrategy 141]  - cheWorkspacesRoutingSuffixProvider = org.eclipse.che.plugin.docker.client.WorkspacesRoutingSuffixProvider@64938704
2017-11-12 17:56:41,611[aceSharedPool-0]  [INFO ] [o.e.c.a.w.s.WorkspaceRuntimes 676]   - Launching 'org.eclipse.che.exec' agent at workspace workspace5rq729h30c9ntb64
2017-11-12 17:56:43,894[aceSharedPool-0]  [INFO ] [o.e.c.a.w.s.WorkspaceRuntimes 676]   - Launching 'org.eclipse.che.terminal' agent at workspace workspace5rq729h30c9ntb64
2017-11-12 17:56:50,204[aceSharedPool-0]  [INFO ] [m.BaseServerEvaluationStrategy 141]  - cheWorkspacesRoutingSuffixProvider = null
2017-11-12 17:56:50,205[aceSharedPool-0]  [INFO ] [m.BaseServerEvaluationStrategy 141]  - cheWorkspacesRoutingSuffixProvider = null
2017-11-12 17:56:50,205[aceSharedPool-0]  [INFO ] [m.BaseServerEvaluationStrategy 141]  - cheWorkspacesRoutingSuffixProvider = org.eclipse.che.plugin.docker.client.WorkspacesRoutingSuffixProvider@64938704
2017-11-12 17:56:50,205[aceSharedPool-0]  [INFO ] [m.BaseServerEvaluationStrategy 141]  - cheWorkspacesRoutingSuffixProvider = org.eclipse.che.plugin.docker.client.WorkspacesRoutingSuffixProvider@64938704
2017-11-12 17:56:50,206[aceSharedPool-0]  [INFO ] [m.BaseServerEvaluationStrategy 141]  - cheWorkspacesRoutingSuffixProvider = org.eclipse.che.plugin.docker.client.WorkspacesRoutingSuffixProvider@64938704
2017-11-12 17:56:50,304[aceSharedPool-0]  [INFO ] [o.e.c.a.w.s.WorkspaceRuntimes 676]   - Launching 'org.eclipse.che.exec' agent at workspace workspace5rq729h30c9ntb64
2017-11-12 17:56:52,584[aceSharedPool-0]  [INFO ] [o.e.c.a.w.s.WorkspaceRuntimes 676]   - Launching 'org.eclipse.che.terminal' agent at workspace workspace5rq729h30c9ntb64
2017-11-12 17:56:54,766[aceSharedPool-0]  [INFO ] [o.e.c.a.w.s.WorkspaceRuntimes 676]   - Launching 'org.eclipse.che.ws-agent' agent at workspace workspace5rq729h30c9ntb64
2017-11-12 17:57:06,867[aceSharedPool-0]  [INFO ] [o.e.c.a.w.s.WorkspaceRuntimes 676]   - Launching 'org.eclipse.che.ssh' agent at workspace workspace5rq729h30c9ntb64
2017-11-12 17:57:06,993[aceSharedPool-0]  [INFO ] [e.c.a.w.s.i.ServerIdleDetector 70]   - Idling che server canceled
2017-11-12 17:57:06,994[aceSharedPool-0]  [INFO ] [o.e.c.a.w.s.WorkspaceManager 658]    - Workspace 'che/EstaBienMapeado' with id 'workspace5rq729h30c9ntb64' started by user 'che'
2017-11-12 17:59:23,123[aceSharedPool-1]  [INFO ] [o.e.c.a.w.s.WorkspaceManager 700]    - Workspace 'che/EstaBienMapeado' with id 'workspace5rq729h30c9ntb64' is being stopped by user 'che'
2017-11-12 17:59:28,600[aceSharedPool-1]  [INFO ] [e.c.a.w.s.i.ServerIdleDetector 81]   - Idling che server scheduled [timeout=1800] seconds]
2017-11-12 17:59:28,606[aceSharedPool-1]  [INFO ] [o.e.c.a.w.s.WorkspaceManager 733]    - Workspace 'che/EstaBienMapeado' with id 'workspace5rq729h30c9ntb64' stopped by user 'che'
2017-11-12 18:00:01,365[aceSharedPool-2]  [INFO ] [m.BaseServerEvaluationStrategy 141]  - cheWorkspacesRoutingSuffixProvider = null
2017-11-12 18:00:01,399[aceSharedPool-2]  [INFO ] [m.BaseServerEvaluationStrategy 141]  - cheWorkspacesRoutingSuffixProvider = null
2017-11-12 18:00:01,400[aceSharedPool-2]  [INFO ] [m.BaseServerEvaluationStrategy 141]  - cheWorkspacesRoutingSuffixProvider = org.eclipse.che.plugin.docker.client.WorkspacesRoutingSuffixProvider@64938704
2017-11-12 18:00:01,401[aceSharedPool-2]  [INFO ] [m.BaseServerEvaluationStrategy 141]  - cheWorkspacesRoutingSuffixProvider = org.eclipse.che.plugin.docker.client.WorkspacesRoutingSuffixProvider@64938704
2017-11-12 18:00:01,402[aceSharedPool-2]  [INFO ] [m.BaseServerEvaluationStrategy 141]  - cheWorkspacesRoutingSuffixProvider = org.eclipse.che.plugin.docker.client.WorkspacesRoutingSuffixProvider@64938704
2017-11-12 18:00:01,470[aceSharedPool-2]  [INFO ] [o.e.c.a.w.s.WorkspaceRuntimes 676]   - Launching 'org.eclipse.che.exec' agent at workspace workspace5rq729h30c9ntb64
2017-11-12 18:00:03,703[aceSharedPool-2]  [INFO ] [o.e.c.a.w.s.WorkspaceRuntimes 676]   - Launching 'org.eclipse.che.terminal' agent at workspace workspace5rq729h30c9ntb64
2017-11-12 18:00:09,937[aceSharedPool-2]  [INFO ] [m.BaseServerEvaluationStrategy 141]  - cheWorkspacesRoutingSuffixProvider = null
2017-11-12 18:00:09,940[aceSharedPool-2]  [INFO ] [m.BaseServerEvaluationStrategy 141]  - cheWorkspacesRoutingSuffixProvider = null
2017-11-12 18:00:09,942[aceSharedPool-2]  [INFO ] [m.BaseServerEvaluationStrategy 141]  - cheWorkspacesRoutingSuffixProvider = org.eclipse.che.plugin.docker.client.WorkspacesRoutingSuffixProvider@64938704
2017-11-12 18:00:09,951[aceSharedPool-2]  [INFO ] [m.BaseServerEvaluationStrategy 141]  - cheWorkspacesRoutingSuffixProvider = org.eclipse.che.plugin.docker.client.WorkspacesRoutingSuffixProvider@64938704
2017-11-12 18:00:09,956[aceSharedPool-2]  [INFO ] [m.BaseServerEvaluationStrategy 141]  - cheWorkspacesRoutingSuffixProvider = org.eclipse.che.plugin.docker.client.WorkspacesRoutingSuffixProvider@64938704
2017-11-12 18:00:10,050[aceSharedPool-2]  [INFO ] [o.e.c.a.w.s.WorkspaceRuntimes 676]   - Launching 'org.eclipse.che.exec' agent at workspace workspace5rq729h30c9ntb64
2017-11-12 18:00:12,238[aceSharedPool-2]  [INFO ] [o.e.c.a.w.s.WorkspaceRuntimes 676]   - Launching 'org.eclipse.che.terminal' agent at workspace workspace5rq729h30c9ntb64
2017-11-12 18:00:14,548[aceSharedPool-2]  [INFO ] [o.e.c.a.w.s.WorkspaceRuntimes 676]   - Launching 'org.eclipse.che.ws-agent' agent at workspace workspace5rq729h30c9ntb64
2017-11-12 18:00:28,029[aceSharedPool-2]  [INFO ] [o.e.c.a.w.s.WorkspaceRuntimes 676]   - Launching 'org.eclipse.che.ssh' agent at workspace workspace5rq729h30c9ntb64
2017-11-12 18:00:28,093[aceSharedPool-2]  [INFO ] [e.c.a.w.s.i.ServerIdleDetector 70]   - Idling che server canceled
2017-11-12 18:00:28,096[aceSharedPool-2]  [INFO ] [o.e.c.a.w.s.WorkspaceManager 658]    - Workspace 'che/EstaBienMapeado' with id 'workspace5rq729h30c9ntb64' started by user 'che'
2017-11-12 18:08:52,929[nio-8080-exec-8]  [INFO ] [o.e.c.a.w.s.WorkspaceManager 807]    - Workspace 'che/MavenMySQL' with id 'workspacevhc4anpw9h0yssu8' created by user 'che'
2017-11-12 18:08:57,045[aceSharedPool-3]  [INFO ] [m.BaseServerEvaluationStrategy 141]  - cheWorkspacesRoutingSuffixProvider = null
2017-11-12 18:08:57,046[aceSharedPool-3]  [INFO ] [m.BaseServerEvaluationStrategy 141]  - cheWorkspacesRoutingSuffixProvider = null
2017-11-12 18:08:57,050[aceSharedPool-3]  [INFO ] [m.BaseServerEvaluationStrategy 141]  - cheWorkspacesRoutingSuffixProvider = org.eclipse.che.plugin.docker.client.WorkspacesRoutingSuffixProvider@64938704
2017-11-12 18:08:57,052[aceSharedPool-3]  [INFO ] [m.BaseServerEvaluationStrategy 141]  - cheWorkspacesRoutingSuffixProvider = org.eclipse.che.plugin.docker.client.WorkspacesRoutingSuffixProvider@64938704
2017-11-12 18:08:57,054[aceSharedPool-3]  [INFO ] [m.BaseServerEvaluationStrategy 141]  - cheWorkspacesRoutingSuffixProvider = org.eclipse.che.plugin.docker.client.WorkspacesRoutingSuffixProvider@64938704
2017-11-12 18:08:57,124[aceSharedPool-3]  [INFO ] [o.e.c.a.w.s.WorkspaceRuntimes 676]   - Launching 'org.eclipse.che.exec' agent at workspace workspacevhc4anpw9h0yssu8
2017-11-12 18:08:59,377[aceSharedPool-3]  [INFO ] [o.e.c.a.w.s.WorkspaceRuntimes 676]   - Launching 'org.eclipse.che.terminal' agent at workspace workspacevhc4anpw9h0yssu8
2017-11-12 18:09:05,602[aceSharedPool-3]  [INFO ] [m.BaseServerEvaluationStrategy 141]  - cheWorkspacesRoutingSuffixProvider = null
2017-11-12 18:09:05,602[aceSharedPool-3]  [INFO ] [m.BaseServerEvaluationStrategy 141]  - cheWorkspacesRoutingSuffixProvider = null
2017-11-12 18:09:05,603[aceSharedPool-3]  [INFO ] [m.BaseServerEvaluationStrategy 141]  - cheWorkspacesRoutingSuffixProvider = org.eclipse.che.plugin.docker.client.WorkspacesRoutingSuffixProvider@64938704
2017-11-12 18:09:05,604[aceSharedPool-3]  [INFO ] [m.BaseServerEvaluationStrategy 141]  - cheWorkspacesRoutingSuffixProvider = org.eclipse.che.plugin.docker.client.WorkspacesRoutingSuffixProvider@64938704
2017-11-12 18:09:05,604[aceSharedPool-3]  [INFO ] [m.BaseServerEvaluationStrategy 141]  - cheWorkspacesRoutingSuffixProvider = org.eclipse.che.plugin.docker.client.WorkspacesRoutingSuffixProvider@64938704
2017-11-12 18:09:05,742[aceSharedPool-3]  [INFO ] [o.e.c.a.w.s.WorkspaceRuntimes 676]   - Launching 'org.eclipse.che.exec' agent at workspace workspacevhc4anpw9h0yssu8
2017-11-12 18:09:08,133[aceSharedPool-3]  [INFO ] [o.e.c.a.w.s.WorkspaceRuntimes 676]   - Launching 'org.eclipse.che.terminal' agent at workspace workspacevhc4anpw9h0yssu8
2017-11-12 18:09:10,383[aceSharedPool-3]  [INFO ] [o.e.c.a.w.s.WorkspaceRuntimes 676]   - Launching 'org.eclipse.che.ws-agent' agent at workspace workspacevhc4anpw9h0yssu8
2017-11-12 18:09:56,581[aceSharedPool-3]  [INFO ] [o.e.c.a.w.s.WorkspaceRuntimes 676]   - Launching 'org.eclipse.che.ssh' agent at workspace workspacevhc4anpw9h0yssu8
2017-11-12 18:09:57,009[aceSharedPool-3]  [INFO ] [o.e.c.a.w.s.WorkspaceManager 658]    - Workspace 'che/MavenMySQL' with id 'workspacevhc4anpw9h0yssu8' started by user 'che'
2017-11-12 18:54:58,736[ted-scheduler-4]  [INFO ] [ockerAbandonedResourcesCleaner 126]  - List containers registered in the api: [/workspacevhc4anpw9h0yssu8_machine14bjpq26mfnus52v_che_dev-machine, /workspacevhc4anpw9h0yssu8_machinejpzh8876xrd3elw9_che_db, /workspace5rq729h30c9ntb64_machineff2x0268vvixujt5_che_dev-machine, /workspace5rq729h30c9ntb64_machiner3zkpfny47hoh8rf_che_db]
2017-11-12 19:08:46,241[aceSharedPool-0]  [INFO ] [o.e.c.a.w.s.WorkspaceManager 700]    - Workspace 'che/EstaBienMapeado' with id 'workspace5rq729h30c9ntb64' is being stopped by user 'activity-checker'
2017-11-12 19:08:46,372[aceSharedPool-0]  [INFO ] [o.e.c.a.w.s.WorkspaceRuntimes 855]   - Creating snapshot of workspace 'workspace5rq729h30c9ntb64', machines to snapshot: '2'
2017-11-12 19:08:50,777[aceSharedPool-0]  [INFO ] [o.e.c.a.w.s.WorkspaceRuntimes 882]   - Saving new snapshots metadata, workspace id 'workspace5rq729h30c9ntb64'
2017-11-12 19:08:56,309[aceSharedPool-0]  [INFO ] [o.e.c.a.w.s.WorkspaceManager 733]    - Workspace 'che/EstaBienMapeado' with id 'workspace5rq729h30c9ntb64' stopped by user 'activity-checker'
2017-11-12 19:11:46,086[aceSharedPool-1]  [INFO ] [o.e.c.a.w.s.WorkspaceManager 700]    - Workspace 'che/MavenMySQL' with id 'workspacevhc4anpw9h0yssu8' is being stopped by user 'activity-checker'
2017-11-12 19:11:46,092[aceSharedPool-1]  [INFO ] [o.e.c.a.w.s.WorkspaceRuntimes 855]   - Creating snapshot of workspace 'workspacevhc4anpw9h0yssu8', machines to snapshot: '2'
2017-11-12 19:11:48,984[aceSharedPool-1]  [INFO ] [o.e.c.a.w.s.WorkspaceRuntimes 882]   - Saving new snapshots metadata, workspace id 'workspacevhc4anpw9h0yssu8'
2017-11-12 19:11:52,267[aceSharedPool-1]  [INFO ] [e.c.a.w.s.i.ServerIdleDetector 81]   - Idling che server scheduled [timeout=1800] seconds]
2017-11-12 19:11:52,268[aceSharedPool-1]  [INFO ] [o.e.c.a.w.s.WorkspaceManager 733]    - Workspace 'che/MavenMySQL' with id 'workspacevhc4anpw9h0yssu8' stopped by user 'activity-checker'
2017-11-12 20:13:01,721[ool-12-thread-1]  [WARN ] [i.f.kubernetes.client.Config 299]    - Error reading service account token from: [/var/run/secrets/kubernetes.io/serviceaccount/token]. Ignoring.
2017-11-12 20:13:02,001[ool-12-thread-1]  [ERROR] [o.e.c.a.c.n.EventService 109]        - An error has occurred.
io.fabric8.kubernetes.client.KubernetesClientException: An error has occurred.
	at io.fabric8.kubernetes.client.KubernetesClientException.launderThrowable(KubernetesClientException.java:61)
	at io.fabric8.kubernetes.client.KubernetesClientException.launderThrowable(KubernetesClientException.java:52)
	at io.fabric8.kubernetes.client.dsl.base.BaseOperation.get(BaseOperation.java:199)
	at org.eclipse.che.plugin.openshift.client.OpenShiftConnector.idleCheServer(OpenShiftConnector.java:383)
	at org.eclipse.che.plugin.openshift.client.OpenShiftConnector.access$000(OpenShiftConnector.java:175)
	at org.eclipse.che.plugin.openshift.client.OpenShiftConnector$1.onEvent(OpenShiftConnector.java:291)
	at org.eclipse.che.plugin.openshift.client.OpenShiftConnector$1.onEvent(OpenShiftConnector.java:287)
	at org.eclipse.che.api.core.notification.EventService.publish(EventService.java:107)
	at org.eclipse.che.api.workspace.server.idle.ServerIdleDetector.run(ServerIdleDetector.java:93)
	at java.util.concurrent.Executors$RunnableAdapter.call(Executors.java:511)
	at java.util.concurrent.FutureTask.run(FutureTask.java:266)
	at java.util.concurrent.ScheduledThreadPoolExecutor$ScheduledFutureTask.access$201(ScheduledThreadPoolExecutor.java:180)
	at java.util.concurrent.ScheduledThreadPoolExecutor$ScheduledFutureTask.run(ScheduledThreadPoolExecutor.java:293)
	at java.util.concurrent.ThreadPoolExecutor.runWorker(ThreadPoolExecutor.java:1142)
	at java.util.concurrent.ThreadPoolExecutor$Worker.run(ThreadPoolExecutor.java:617)
	at java.lang.Thread.run(Thread.java:745)
Caused by: java.net.UnknownHostException: kubernetes.default.svc: Name does not resolve
	at java.net.Inet4AddressImpl.lookupAllHostAddr(Native Method)
	at java.net.InetAddress$2.lookupAllHostAddr(InetAddress.java:928)
	at java.net.InetAddress.getAddressesFromNameService(InetAddress.java:1323)
	at java.net.InetAddress.getAllByName0(InetAddress.java:1276)
	at java.net.InetAddress.getAllByName(InetAddress.java:1192)
	at java.net.InetAddress.getAllByName(InetAddress.java:1126)
	at okhttp3.Dns$1.lookup(Dns.java:39)
	at okhttp3.internal.connection.RouteSelector.resetNextInetSocketAddress(RouteSelector.java:170)
	at okhttp3.internal.connection.RouteSelector.nextProxy(RouteSelector.java:136)
	at okhttp3.internal.connection.RouteSelector.next(RouteSelector.java:81)
	at okhttp3.internal.connection.StreamAllocation.findConnection(StreamAllocation.java:171)
	at okhttp3.internal.connection.StreamAllocation.findHealthyConnection(StreamAllocation.java:121)
	at okhttp3.internal.connection.StreamAllocation.newStream(StreamAllocation.java:100)
	at okhttp3.internal.connection.ConnectInterceptor.intercept(ConnectInterceptor.java:42)
	at okhttp3.internal.http.RealInterceptorChain.proceed(RealInterceptorChain.java:92)
	at okhttp3.internal.http.RealInterceptorChain.proceed(RealInterceptorChain.java:67)
	at okhttp3.internal.cache.CacheInterceptor.intercept(CacheInterceptor.java:93)
	at okhttp3.internal.http.RealInterceptorChain.proceed(RealInterceptorChain.java:92)
	at okhttp3.internal.http.RealInterceptorChain.proceed(RealInterceptorChain.java:67)
	at okhttp3.internal.http.BridgeInterceptor.intercept(BridgeInterceptor.java:93)
	at okhttp3.internal.http.RealInterceptorChain.proceed(RealInterceptorChain.java:92)
	at okhttp3.internal.http.RetryAndFollowUpInterceptor.intercept(RetryAndFollowUpInterceptor.java:120)
	at okhttp3.internal.http.RealInterceptorChain.proceed(RealInterceptorChain.java:92)
	at okhttp3.internal.http.RealInterceptorChain.proceed(RealInterceptorChain.java:67)
	at io.fabric8.openshift.client.internal.OpenShiftOAuthInterceptor.intercept(OpenShiftOAuthInterceptor.java:64)
	at okhttp3.internal.http.RealInterceptorChain.proceed(RealInterceptorChain.java:92)
	at okhttp3.internal.http.RealInterceptorChain.proceed(RealInterceptorChain.java:67)
	at okhttp3.RealCall.getResponseWithInterceptorChain(RealCall.java:179)
	at okhttp3.RealCall.execute(RealCall.java:63)
	at io.fabric8.kubernetes.client.dsl.base.OperationSupport.handleResponse(OperationSupport.java:237)
	at io.fabric8.kubernetes.client.dsl.base.OperationSupport.handleResponse(OperationSupport.java:232)
	at io.fabric8.kubernetes.client.dsl.base.OperationSupport.handleGet(OperationSupport.java:228)
	at io.fabric8.kubernetes.client.dsl.base.BaseOperation.handleGet(BaseOperation.java:711)
	at io.fabric8.kubernetes.client.dsl.base.BaseOperation.get(BaseOperation.java:192)
	... 13 common frames omitted
2017-11-12 20:25:55,301[ted-scheduler-6]  [INFO ] [ockerAbandonedResourcesCleaner 126]  - List containers registered in the api: []
2017-11-12 21:25:55,339[ted-scheduler-9]  [INFO ] [ockerAbandonedResourcesCleaner 126]  - List containers registered in the api: []
2017-11-12 22:25:55,376[ted-scheduler-0]  [INFO ] [ockerAbandonedResourcesCleaner 126]  - List containers registered in the api: []
2017-11-12 23:25:55,415[ted-scheduler-9]  [INFO ] [ockerAbandonedResourcesCleaner 126]  - List containers registered in the api: []
